This is pdfTeX, Version 3.14159265-2.6-1.40.21 (MiKTeX 20.11) (preloaded format=pdflatex 2020.11.30)  8 DEC 2020 09:29
entering extended mode
**./RJwrapper.tex
(RJwrapper.tex
LaTeX2e <2020-10-01> patch level 2
L3 programming layer <2020-10-27> xparse <2020-03-03> (C:\Users\annwozniak\AppD
ata\Local\Programs\MiKTeX\tex/latex/base\report.cls
Document Class: report 2020/04/10 v1.4m Standard LaTeX document class
(C:\Users\annwozniak\AppData\Local\Programs\MiKTeX\tex/latex/base\size10.clo
File: size10.clo 2020/04/10 v1.4m Standard LaTeX file (size option)
)
\c@part=\count175
\c@chapter=\count176
\c@section=\count177
\c@subsection=\count178
\c@subsubsection=\count179
\c@paragraph=\count180
\c@subparagraph=\count181
\c@figure=\count182
\c@table=\count183
\abovecaptionskip=\skip47
\belowcaptionskip=\skip48
\bibindent=\dimen138
) (C:\Users\annwozniak\AppData\Local\Programs\MiKTeX\tex/latex/base\inputenc.st
y
Package: inputenc 2020/08/01 v1.3d Input encoding file
\inpenc@prehook=\toks15
\inpenc@posthook=\toks16
) (C:\Users\annwozniak\AppData\Local\Programs\MiKTeX\tex/latex/base\fontenc.sty
Package: fontenc 2020/08/10 v2.0s Standard LaTeX package
) (RJournal.sty
Package: RJournal 2013/08/27 v0.13 RJournal package

(C:\Users\annwozniak\AppData\Local\Programs\MiKTeX\tex/latex/pgf/frontendlayer\
tikz.sty
(C:\Users\annwozniak\AppData\Local\Programs\MiKTeX\tex/latex/pgf/basiclayer\pgf
.sty
(C:\Users\annwozniak\AppData\Local\Programs\MiKTeX\tex/latex/pgf/utilities\pgfr
cs.sty
(C:\Users\annwozniak\AppData\Local\Programs\MiKTeX\tex/generic/pgf/utilities\pg
futil-common.tex
\pgfutil@everybye=\toks17
\pgfutil@tempdima=\dimen139
\pgfutil@tempdimb=\dimen140

(C:\Users\annwozniak\AppData\Local\Programs\MiKTeX\tex/generic/pgf/utilities\pg
futil-common-lists.tex))
(C:\Users\annwozniak\AppData\Local\Programs\MiKTeX\tex/generic/pgf/utilities\pg
futil-latex.def
\pgfutil@abb=\box47
)
(C:\Users\annwozniak\AppData\Local\Programs\MiKTeX\tex/generic/pgf/utilities\pg
frcs.code.tex
(C:\Users\annwozniak\AppData\Local\Programs\MiKTeX\tex/generic/pgf\pgf.revision
.tex)
Package: pgfrcs 2020/11/23 v3.1.7 (3.1.7)
))
Package: pgf 2020/11/23 v3.1.7 (3.1.7)

(C:\Users\annwozniak\AppData\Local\Programs\MiKTeX\tex/latex/pgf/basiclayer\pgf
core.sty
(C:\Users\annwozniak\AppData\Local\Programs\MiKTeX\tex/latex/graphics\graphicx.
sty
Package: graphicx 2020/09/09 v1.2b Enhanced LaTeX Graphics (DPC,SPQR)

(C:\Users\annwozniak\AppData\Local\Programs\MiKTeX\tex/latex/graphics\keyval.st
y
Package: keyval 2014/10/28 v1.15 key=value parser (DPC)
\KV@toks@=\toks18
)
(C:\Users\annwozniak\AppData\Local\Programs\MiKTeX\tex/latex/graphics\graphics.
sty
Package: graphics 2020/08/30 v1.4c Standard LaTeX Graphics (DPC,SPQR)
(C:\Users\annwozniak\AppData\Local\Programs\MiKTeX\tex/latex/graphics\trig.sty
Package: trig 2016/01/03 v1.10 sin cos tan (DPC)
)
(C:\Users\annwozniak\AppData\Local\Programs\MiKTeX\tex/latex/graphics-cfg\graph
ics.cfg
File: graphics.cfg 2016/06/04 v1.11 sample graphics configuration
)
Package graphics Info: Driver file: pdftex.def on input line 105.

(C:\Users\annwozniak\AppData\Local\Programs\MiKTeX\tex/latex/graphics-def\pdfte
x.def
File: pdftex.def 2020/10/05 v1.2a Graphics/color driver for pdftex
))
\Gin@req@height=\dimen141
\Gin@req@width=\dimen142
)
(C:\Users\annwozniak\AppData\Local\Programs\MiKTeX\tex/latex/pgf/systemlayer\pg
fsys.sty
(C:\Users\annwozniak\AppData\Local\Programs\MiKTeX\tex/generic/pgf/systemlayer\
pgfsys.code.tex
Package: pgfsys 2020/11/23 v3.1.7 (3.1.7)

(C:\Users\annwozniak\AppData\Local\Programs\MiKTeX\tex/generic/pgf/utilities\pg
fkeys.code.tex
\pgfkeys@pathtoks=\toks19
\pgfkeys@temptoks=\toks20

(C:\Users\annwozniak\AppData\Local\Programs\MiKTeX\tex/generic/pgf/utilities\pg
fkeysfiltered.code.tex
\pgfkeys@tmptoks=\toks21
))
\pgf@x=\dimen143
\pgf@y=\dimen144
\pgf@xa=\dimen145
\pgf@ya=\dimen146
\pgf@xb=\dimen147
\pgf@yb=\dimen148
\pgf@xc=\dimen149
\pgf@yc=\dimen150
\pgf@xd=\dimen151
\pgf@yd=\dimen152
\w@pgf@writea=\write3
\r@pgf@reada=\read2
\c@pgf@counta=\count184
\c@pgf@countb=\count185
\c@pgf@countc=\count186
\c@pgf@countd=\count187
\t@pgf@toka=\toks22
\t@pgf@tokb=\toks23
\t@pgf@tokc=\toks24
\pgf@sys@id@count=\count188

(C:\Users\annwozniak\AppData\Local\Programs\MiKTeX\tex/generic/pgf/systemlayer\
pgf.cfg
File: pgf.cfg 2020/11/23 v3.1.7 (3.1.7)
)
Driver file for pgf: pgfsys-pdftex.def

(C:\Users\annwozniak\AppData\Local\Programs\MiKTeX\tex/generic/pgf/systemlayer\
pgfsys-pdftex.def
File: pgfsys-pdftex.def 2020/11/23 v3.1.7 (3.1.7)

(C:\Users\annwozniak\AppData\Local\Programs\MiKTeX\tex/generic/pgf/systemlayer\
pgfsys-common-pdf.def
File: pgfsys-common-pdf.def 2020/11/23 v3.1.7 (3.1.7)
)))
(C:\Users\annwozniak\AppData\Local\Programs\MiKTeX\tex/generic/pgf/systemlayer\
pgfsyssoftpath.code.tex
File: pgfsyssoftpath.code.tex 2020/11/23 v3.1.7 (3.1.7)
\pgfsyssoftpath@smallbuffer@items=\count189
\pgfsyssoftpath@bigbuffer@items=\count190
)
(C:\Users\annwozniak\AppData\Local\Programs\MiKTeX\tex/generic/pgf/systemlayer\
pgfsysprotocol.code.tex
File: pgfsysprotocol.code.tex 2020/11/23 v3.1.7 (3.1.7)
)) (C:\Users\annwozniak\AppData\Local\Programs\MiKTeX\tex/latex/xcolor\xcolor.s
ty
Package: xcolor 2016/05/11 v2.12 LaTeX color extensions (UK)

(C:\Users\annwozniak\AppData\Local\Programs\MiKTeX\tex/latex/graphics-cfg\color
.cfg
File: color.cfg 2016/01/02 v1.6 sample color configuration
)
Package xcolor Info: Driver file: pdftex.def on input line 225.
Package xcolor Info: Model `cmy' substituted by `cmy0' on input line 1348.
Package xcolor Info: Model `hsb' substituted by `rgb' on input line 1352.
Package xcolor Info: Model `RGB' extended on input line 1364.
Package xcolor Info: Model `HTML' substituted by `rgb' on input line 1366.
Package xcolor Info: Model `Hsb' substituted by `hsb' on input line 1367.
Package xcolor Info: Model `tHsb' substituted by `hsb' on input line 1368.
Package xcolor Info: Model `HSB' substituted by `hsb' on input line 1369.
Package xcolor Info: Model `Gray' substituted by `gray' on input line 1370.
Package xcolor Info: Model `wave' substituted by `hsb' on input line 1371.
)
(C:\Users\annwozniak\AppData\Local\Programs\MiKTeX\tex/generic/pgf/basiclayer\p
gfcore.code.tex
Package: pgfcore 2020/11/23 v3.1.7 (3.1.7)

(C:\Users\annwozniak\AppData\Local\Programs\MiKTeX\tex/generic/pgf/math\pgfmath
.code.tex
(C:\Users\annwozniak\AppData\Local\Programs\MiKTeX\tex/generic/pgf/math\pgfmath
calc.code.tex
(C:\Users\annwozniak\AppData\Local\Programs\MiKTeX\tex/generic/pgf/math\pgfmath
util.code.tex)
(C:\Users\annwozniak\AppData\Local\Programs\MiKTeX\tex/generic/pgf/math\pgfmath
parser.code.tex
\pgfmath@dimen=\dimen153
\pgfmath@count=\count191
\pgfmath@box=\box48
\pgfmath@toks=\toks25
\pgfmath@stack@operand=\toks26
\pgfmath@stack@operation=\toks27
)
(C:\Users\annwozniak\AppData\Local\Programs\MiKTeX\tex/generic/pgf/math\pgfmath
functions.code.tex
(C:\Users\annwozniak\AppData\Local\Programs\MiKTeX\tex/generic/pgf/math\pgfmath
functions.basic.code.tex)
(C:\Users\annwozniak\AppData\Local\Programs\MiKTeX\tex/generic/pgf/math\pgfmath
functions.trigonometric.code.tex)
(C:\Users\annwozniak\AppData\Local\Programs\MiKTeX\tex/generic/pgf/math\pgfmath
functions.random.code.tex)
(C:\Users\annwozniak\AppData\Local\Programs\MiKTeX\tex/generic/pgf/math\pgfmath
functions.comparison.code.tex)
(C:\Users\annwozniak\AppData\Local\Programs\MiKTeX\tex/generic/pgf/math\pgfmath
functions.base.code.tex)
(C:\Users\annwozniak\AppData\Local\Programs\MiKTeX\tex/generic/pgf/math\pgfmath
functions.round.code.tex)
(C:\Users\annwozniak\AppData\Local\Programs\MiKTeX\tex/generic/pgf/math\pgfmath
functions.misc.code.tex)
(C:\Users\annwozniak\AppData\Local\Programs\MiKTeX\tex/generic/pgf/math\pgfmath
functions.integerarithmetics.code.tex)))
(C:\Users\annwozniak\AppData\Local\Programs\MiKTeX\tex/generic/pgf/math\pgfmath
float.code.tex
\c@pgfmathroundto@lastzeros=\count192
))
(C:\Users\annwozniak\AppData\Local\Programs\MiKTeX\tex/generic/pgf/math\pgfint.
code.tex)
(C:\Users\annwozniak\AppData\Local\Programs\MiKTeX\tex/generic/pgf/basiclayer\p
gfcorepoints.code.tex
File: pgfcorepoints.code.tex 2020/11/23 v3.1.7 (3.1.7)
\pgf@picminx=\dimen154
\pgf@picmaxx=\dimen155
\pgf@picminy=\dimen156
\pgf@picmaxy=\dimen157
\pgf@pathminx=\dimen158
\pgf@pathmaxx=\dimen159
\pgf@pathminy=\dimen160
\pgf@pathmaxy=\dimen161
\pgf@xx=\dimen162
\pgf@xy=\dimen163
\pgf@yx=\dimen164
\pgf@yy=\dimen165
\pgf@zx=\dimen166
\pgf@zy=\dimen167
)
(C:\Users\annwozniak\AppData\Local\Programs\MiKTeX\tex/generic/pgf/basiclayer\p
gfcorepathconstruct.code.tex
File: pgfcorepathconstruct.code.tex 2020/11/23 v3.1.7 (3.1.7)
\pgf@path@lastx=\dimen168
\pgf@path@lasty=\dimen169
)
(C:\Users\annwozniak\AppData\Local\Programs\MiKTeX\tex/generic/pgf/basiclayer\p
gfcorepathusage.code.tex
File: pgfcorepathusage.code.tex 2020/11/23 v3.1.7 (3.1.7)
\pgf@shorten@end@additional=\dimen170
\pgf@shorten@start@additional=\dimen171
)
(C:\Users\annwozniak\AppData\Local\Programs\MiKTeX\tex/generic/pgf/basiclayer\p
gfcorescopes.code.tex
File: pgfcorescopes.code.tex 2020/11/23 v3.1.7 (3.1.7)
\pgfpic=\box49
\pgf@hbox=\box50
\pgf@layerbox@main=\box51
\pgf@picture@serial@count=\count193
)
(C:\Users\annwozniak\AppData\Local\Programs\MiKTeX\tex/generic/pgf/basiclayer\p
gfcoregraphicstate.code.tex
File: pgfcoregraphicstate.code.tex 2020/11/23 v3.1.7 (3.1.7)
\pgflinewidth=\dimen172
)
(C:\Users\annwozniak\AppData\Local\Programs\MiKTeX\tex/generic/pgf/basiclayer\p
gfcoretransformations.code.tex
File: pgfcoretransformations.code.tex 2020/11/23 v3.1.7 (3.1.7)
\pgf@pt@x=\dimen173
\pgf@pt@y=\dimen174
\pgf@pt@temp=\dimen175
)
(C:\Users\annwozniak\AppData\Local\Programs\MiKTeX\tex/generic/pgf/basiclayer\p
gfcorequick.code.tex
File: pgfcorequick.code.tex 2020/11/23 v3.1.7 (3.1.7)
)
(C:\Users\annwozniak\AppData\Local\Programs\MiKTeX\tex/generic/pgf/basiclayer\p
gfcoreobjects.code.tex
File: pgfcoreobjects.code.tex 2020/11/23 v3.1.7 (3.1.7)
)
(C:\Users\annwozniak\AppData\Local\Programs\MiKTeX\tex/generic/pgf/basiclayer\p
gfcorepathprocessing.code.tex
File: pgfcorepathprocessing.code.tex 2020/11/23 v3.1.7 (3.1.7)
)
(C:\Users\annwozniak\AppData\Local\Programs\MiKTeX\tex/generic/pgf/basiclayer\p
gfcorearrows.code.tex
File: pgfcorearrows.code.tex 2020/11/23 v3.1.7 (3.1.7)
\pgfarrowsep=\dimen176
)
(C:\Users\annwozniak\AppData\Local\Programs\MiKTeX\tex/generic/pgf/basiclayer\p
gfcoreshade.code.tex
File: pgfcoreshade.code.tex 2020/11/23 v3.1.7 (3.1.7)
\pgf@max=\dimen177
\pgf@sys@shading@range@num=\count194
\pgf@shadingcount=\count195
)
(C:\Users\annwozniak\AppData\Local\Programs\MiKTeX\tex/generic/pgf/basiclayer\p
gfcoreimage.code.tex
File: pgfcoreimage.code.tex 2020/11/23 v3.1.7 (3.1.7)

(C:\Users\annwozniak\AppData\Local\Programs\MiKTeX\tex/generic/pgf/basiclayer\p
gfcoreexternal.code.tex
File: pgfcoreexternal.code.tex 2020/11/23 v3.1.7 (3.1.7)
\pgfexternal@startupbox=\box52
))
(C:\Users\annwozniak\AppData\Local\Programs\MiKTeX\tex/generic/pgf/basiclayer\p
gfcorelayers.code.tex
File: pgfcorelayers.code.tex 2020/11/23 v3.1.7 (3.1.7)
)
(C:\Users\annwozniak\AppData\Local\Programs\MiKTeX\tex/generic/pgf/basiclayer\p
gfcoretransparency.code.tex
File: pgfcoretransparency.code.tex 2020/11/23 v3.1.7 (3.1.7)
)
(C:\Users\annwozniak\AppData\Local\Programs\MiKTeX\tex/generic/pgf/basiclayer\p
gfcorepatterns.code.tex
File: pgfcorepatterns.code.tex 2020/11/23 v3.1.7 (3.1.7)
)
(C:\Users\annwozniak\AppData\Local\Programs\MiKTeX\tex/generic/pgf/basiclayer\p
gfcorerdf.code.tex
File: pgfcorerdf.code.tex 2020/11/23 v3.1.7 (3.1.7)
)))
(C:\Users\annwozniak\AppData\Local\Programs\MiKTeX\tex/generic/pgf/modules\pgfm
oduleshapes.code.tex
File: pgfmoduleshapes.code.tex 2020/11/23 v3.1.7 (3.1.7)
\pgfnodeparttextbox=\box53
)
(C:\Users\annwozniak\AppData\Local\Programs\MiKTeX\tex/generic/pgf/modules\pgfm
oduleplot.code.tex
File: pgfmoduleplot.code.tex 2020/11/23 v3.1.7 (3.1.7)
)
(C:\Users\annwozniak\AppData\Local\Programs\MiKTeX\tex/latex/pgf/compatibility\
pgfcomp-version-0-65.sty
Package: pgfcomp-version-0-65 2020/11/23 v3.1.7 (3.1.7)
\pgf@nodesepstart=\dimen178
\pgf@nodesepend=\dimen179
)
(C:\Users\annwozniak\AppData\Local\Programs\MiKTeX\tex/latex/pgf/compatibility\
pgfcomp-version-1-18.sty
Package: pgfcomp-version-1-18 2020/11/23 v3.1.7 (3.1.7)
))
(C:\Users\annwozniak\AppData\Local\Programs\MiKTeX\tex/latex/pgf/utilities\pgff
or.sty
(C:\Users\annwozniak\AppData\Local\Programs\MiKTeX\tex/latex/pgf/utilities\pgfk
eys.sty
(C:\Users\annwozniak\AppData\Local\Programs\MiKTeX\tex/generic/pgf/utilities\pg
fkeys.code.tex))
(C:\Users\annwozniak\AppData\Local\Programs\MiKTeX\tex/latex/pgf/math\pgfmath.s
ty
(C:\Users\annwozniak\AppData\Local\Programs\MiKTeX\tex/generic/pgf/math\pgfmath
.code.tex))
(C:\Users\annwozniak\AppData\Local\Programs\MiKTeX\tex/generic/pgf/utilities\pg
ffor.code.tex
Package: pgffor 2020/11/23 v3.1.7 (3.1.7)

(C:\Users\annwozniak\AppData\Local\Programs\MiKTeX\tex/generic/pgf/math\pgfmath
.code.tex)
\pgffor@iter=\dimen180
\pgffor@skip=\dimen181
\pgffor@stack=\toks28
\pgffor@toks=\toks29
))
(C:\Users\annwozniak\AppData\Local\Programs\MiKTeX\tex/generic/pgf/frontendlaye
r/tikz\tikz.code.tex
Package: tikz 2020/11/23 v3.1.7 (3.1.7)

(C:\Users\annwozniak\AppData\Local\Programs\MiKTeX\tex/generic/pgf/libraries\pg
flibraryplothandlers.code.tex
File: pgflibraryplothandlers.code.tex 2020/11/23 v3.1.7 (3.1.7)
\pgf@plot@mark@count=\count196
\pgfplotmarksize=\dimen182
)
\tikz@lastx=\dimen183
\tikz@lasty=\dimen184
\tikz@lastxsaved=\dimen185
\tikz@lastysaved=\dimen186
\tikz@lastmovetox=\dimen187
\tikz@lastmovetoy=\dimen188
\tikzleveldistance=\dimen189
\tikzsiblingdistance=\dimen190
\tikz@figbox=\box54
\tikz@figbox@bg=\box55
\tikz@tempbox=\box56
\tikz@tempbox@bg=\box57
\tikztreelevel=\count197
\tikznumberofchildren=\count198
\tikznumberofcurrentchild=\count199
\tikz@fig@count=\count266

(C:\Users\annwozniak\AppData\Local\Programs\MiKTeX\tex/generic/pgf/modules\pgfm
odulematrix.code.tex
File: pgfmodulematrix.code.tex 2020/11/23 v3.1.7 (3.1.7)
\pgfmatrixcurrentrow=\count267
\pgfmatrixcurrentcolumn=\count268
\pgf@matrix@numberofcolumns=\count269
)
\tikz@expandcount=\count270

(C:\Users\annwozniak\AppData\Local\Programs\MiKTeX\tex/generic/pgf/frontendlaye
r/tikz/libraries\tikzlibrarytopaths.code.tex
File: tikzlibrarytopaths.code.tex 2020/11/23 v3.1.7 (3.1.7)
)))
(C:\Users\annwozniak\AppData\Local\Programs\MiKTeX\tex/latex/geometry\geometry.
sty
Package: geometry 2020/01/02 v5.9 Page Geometry

(C:\Users\annwozniak\AppData\Local\Programs\MiKTeX\tex/generic/iftex\ifvtex.sty
Package: ifvtex 2019/10/25 v1.7 ifvtex legacy package. Use iftex instead.
(C:\Users\annwozniak\AppData\Local\Programs\MiKTeX\tex/generic/iftex\iftex.sty
Package: iftex 2020/03/06 v1.0d TeX engine tests
))
\Gm@cnth=\count271
\Gm@cntv=\count272
\c@Gm@tempcnt=\count273
\Gm@bindingoffset=\dimen191
\Gm@wd@mp=\dimen192
\Gm@odd@mp=\dimen193
\Gm@even@mp=\dimen194
\Gm@layoutwidth=\dimen195
\Gm@layoutheight=\dimen196
\Gm@layouthoffset=\dimen197
\Gm@layoutvoffset=\dimen198
\Gm@dimlist=\toks30

(C:\Users\annwozniak\AppData\Local\Programs\MiKTeX\tex/latex/geometry\geometry.
cfg))
(C:\Users\annwozniak\AppData\Local\Programs\MiKTeX\tex/latex/fancyhdr\fancyhdr.
sty
Package: fancyhdr 2019/01/31 v3.10 Extensive control of page headers and footer
s
\f@nch@headwidth=\skip49
\f@nch@O@elh=\skip50
\f@nch@O@erh=\skip51
\f@nch@O@olh=\skip52
\f@nch@O@orh=\skip53
\f@nch@O@elf=\skip54
\f@nch@O@erf=\skip55
\f@nch@O@olf=\skip56
\f@nch@O@orf=\skip57
)
(C:\Users\annwozniak\AppData\Local\Programs\MiKTeX\tex/latex/microtype\microtyp
e.sty
Package: microtype 2019/11/18 v2.7d Micro-typographical refinements (RS)
\MT@toks=\toks31
\MT@count=\count274
LaTeX Info: Redefining \textls on input line 790.
\MT@outer@kern=\dimen199
LaTeX Info: Redefining \textmicrotypecontext on input line 1354.
\MT@listname@count=\count275

(C:\Users\annwozniak\AppData\Local\Programs\MiKTeX\tex/latex/microtype\microtyp
e-pdftex.def
File: microtype-pdftex.def 2019/11/18 v2.7d Definitions specific to pdftex (RS)

LaTeX Info: Redefining \lsstyle on input line 914.
LaTeX Info: Redefining \lslig on input line 914.
\MT@outer@space=\skip58
)
Package microtype Info: Loading configuration file microtype.cfg.

(C:\Users\annwozniak\AppData\Local\Programs\MiKTeX\tex/latex/microtype\microtyp
e.cfg
File: microtype.cfg 2019/11/18 v2.7d microtype main configuration file (RS)
)) (C:\Users\annwozniak\AppData\Local\Programs\MiKTeX\tex/latex/psnfss\helvet.s
ty
Package: helvet 2020/03/25 PSNFSS-v9.3 (WaS) 
)
(C:\Users\annwozniak\AppData\Local\Programs\MiKTeX\tex/latex/psnfss\palatino.st
y
Package: palatino 2020/03/25 PSNFSS-v9.3 (SPQR) 
)
(C:\Users\annwozniak\AppData\Local\Programs\MiKTeX\tex/latex/psnfss\mathpazo.st
y
Package: mathpazo 2020/03/25 PSNFSS-v9.3 Palatino w/ Pazo Math (D.Puga, WaS) 
\symupright=\mathgroup4
)
(C:\Users\annwozniak\AppData\Local\Programs\MiKTeX\tex/latex/inconsolata\incons
olata.sty
Package: inconsolata 2019/05/17 v1.12
`inconsolata-zi4' v1.12, 2019/05/17 Text macros for Inconsolata (msharpe) (C:\U
sers\annwozniak\AppData\Local\Programs\MiKTeX\tex/latex/base\textcomp.sty
Package: textcomp 2020/02/02 v2.0n Standard LaTeX package
)
(C:\Users\annwozniak\AppData\Local\Programs\MiKTeX\tex/latex/xkeyval\xkeyval.st
y
Package: xkeyval 2020/11/20 v2.8 package option processing (HA)

(C:\Users\annwozniak\AppData\Local\Programs\MiKTeX\tex/generic/xkeyval\xkeyval.
tex
(C:\Users\annwozniak\AppData\Local\Programs\MiKTeX\tex/generic/xkeyval\xkvutils
.tex
\XKV@toks=\toks32
\XKV@tempa@toks=\toks33
)
\XKV@depth=\count276
File: xkeyval.tex 2014/12/03 v2.7a key=value parser (HA)
))
\zifour@ocount=\count277
) (C:\Users\annwozniak\AppData\Local\Programs\MiKTeX\tex/latex/base\fontenc.sty
Package: fontenc 2020/08/10 v2.0s Standard LaTeX package
LaTeX Font Info:    Trying to load font information for T1+ppl on input line 11
2.
(C:\Users\annwozniak\AppData\Local\Programs\MiKTeX\tex/latex/psnfss\t1ppl.fd
File: t1ppl.fd 2001/06/04 font definitions for T1/ppl.
)) (C:\Users\annwozniak\AppData\Local\Programs\MiKTeX\tex/latex/url\url.sty
\Urlmuskip=\muskip16
Package: url 2013/09/16  ver 3.4  Verb mode for urls, etc.
)
(C:\Users\annwozniak\AppData\Local\Programs\MiKTeX\tex/latex/hyperref\hyperref.
sty
Package: hyperref 2020-05-15 v7.00e Hypertext links for LaTeX

(C:\Users\annwozniak\AppData\Local\Programs\MiKTeX\tex/generic/ltxcmds\ltxcmds.
sty
Package: ltxcmds 2020-05-10 v1.25 LaTeX kernel commands for general use (HO)
)
(C:\Users\annwozniak\AppData\Local\Programs\MiKTeX\tex/generic/pdftexcmds\pdfte
xcmds.sty
Package: pdftexcmds 2020-06-27 v0.33 Utility functions of pdfTeX for LuaTeX (HO
)

(C:\Users\annwozniak\AppData\Local\Programs\MiKTeX\tex/generic/infwarerr\infwar
err.sty
Package: infwarerr 2019/12/03 v1.5 Providing info/warning/error messages (HO)
)
Package pdftexcmds Info: \pdf@primitive is available.
Package pdftexcmds Info: \pdf@ifprimitive is available.
Package pdftexcmds Info: \pdfdraftmode found.
)
(C:\Users\annwozniak\AppData\Local\Programs\MiKTeX\tex/generic/kvsetkeys\kvsetk
eys.sty
Package: kvsetkeys 2019/12/15 v1.18 Key value parser (HO)
)
(C:\Users\annwozniak\AppData\Local\Programs\MiKTeX\tex/generic/kvdefinekeys\kvd
efinekeys.sty
Package: kvdefinekeys 2019-12-19 v1.6 Define keys (HO)
)
(C:\Users\annwozniak\AppData\Local\Programs\MiKTeX\tex/generic/pdfescape\pdfesc
ape.sty
Package: pdfescape 2019/12/09 v1.15 Implements pdfTeX's escape features (HO)
)
(C:\Users\annwozniak\AppData\Local\Programs\MiKTeX\tex/latex/hycolor\hycolor.st
y
Package: hycolor 2020-01-27 v1.10 Color options for hyperref/bookmark (HO)
)
(C:\Users\annwozniak\AppData\Local\Programs\MiKTeX\tex/latex/letltxmacro\letltx
macro.sty
Package: letltxmacro 2019/12/03 v1.6 Let assignment for LaTeX macros (HO)
)
(C:\Users\annwozniak\AppData\Local\Programs\MiKTeX\tex/latex/auxhook\auxhook.st
y
Package: auxhook 2019-12-17 v1.6 Hooks for auxiliary files (HO)
)
(C:\Users\annwozniak\AppData\Local\Programs\MiKTeX\tex/latex/kvoptions\kvoption
s.sty
Package: kvoptions 2020-10-07 v3.14 Key value format for package options (HO)
)
\@linkdim=\dimen256
\Hy@linkcounter=\count278
\Hy@pagecounter=\count279

(C:\Users\annwozniak\AppData\Local\Programs\MiKTeX\tex/latex/hyperref\pd1enc.de
f
File: pd1enc.def 2020-05-15 v7.00e Hyperref: PDFDocEncoding definition (HO)
Now handling font encoding PD1 ...
... no UTF-8 mapping file for font encoding PD1
)
(C:\Users\annwozniak\AppData\Local\Programs\MiKTeX\tex/generic/intcalc\intcalc.
sty
Package: intcalc 2019/12/15 v1.3 Expandable calculations with integers (HO)
)
(C:\Users\annwozniak\AppData\Local\Programs\MiKTeX\tex/generic/etexcmds\etexcmd
s.sty
Package: etexcmds 2019/12/15 v1.7 Avoid name clashes with e-TeX commands (HO)
)
\Hy@SavedSpaceFactor=\count280
Package hyperref Info: Hyper figures OFF on input line 4464.
Package hyperref Info: Link nesting OFF on input line 4469.
Package hyperref Info: Hyper index ON on input line 4472.
Package hyperref Info: Plain pages OFF on input line 4479.
Package hyperref Info: Backreferencing ON on input line 4482.
Package hyperref Info: Implicit mode ON; LaTeX internals redefined.
Package hyperref Info: Bookmarks ON on input line 4717.

(C:\Users\annwozniak\AppData\Local\Programs\MiKTeX\tex/latex/hyperref\backref.s
ty
Package: backref 2020/01/14 v1.40 Bibliographical back referencing

(C:\Users\annwozniak\AppData\Local\Programs\MiKTeX\tex/latex/rerunfilecheck\rer
unfilecheck.sty
Package: rerunfilecheck 2019/12/05 v1.9 Rerun checks for auxiliary files (HO)

(C:\Users\annwozniak\AppData\Local\Programs\MiKTeX\tex/latex/base\atveryend-ltx
.sty
Package: atveryend-ltx 2020/08/19 v1.0a Emulation of the original atvery packag
e
with kernel methods
)
(C:\Users\annwozniak\AppData\Local\Programs\MiKTeX\tex/generic/uniquecounter\un
iquecounter.sty
Package: uniquecounter 2019/12/15 v1.4 Provide unlimited unique counter (HO)

(C:\Users\annwozniak\AppData\Local\Programs\MiKTeX\tex/generic/bigintcalc\bigin
tcalc.sty
Package: bigintcalc 2019/12/15 v1.5 Expandable calculations on big integers (HO
)
))
Package uniquecounter Info: New unique counter `rerunfilecheck' on input line 2
86.
))
\c@Hy@tempcnt=\count281
LaTeX Info: Redefining \url on input line 5076.
\XeTeXLinkMargin=\dimen257

(C:\Users\annwozniak\AppData\Local\Programs\MiKTeX\tex/generic/bitset\bitset.st
y
Package: bitset 2019/12/09 v1.3 Handle bit-vector datatype (HO)
)
\Fld@menulength=\count282
\Field@Width=\dimen258
\Fld@charsize=\dimen259
Package hyperref Info: Hyper figures OFF on input line 6347.
Package hyperref Info: Link nesting OFF on input line 6352.
Package hyperref Info: Hyper index ON on input line 6355.
Package hyperref Info: backreferencing ON on input line 6360.
Package hyperref Info: Link coloring OFF on input line 6367.
Package hyperref Info: Link coloring with OCG OFF on input line 6372.
Package hyperref Info: PDF/A mode OFF on input line 6377.
LaTeX Info: Redefining \ref on input line 6417.
LaTeX Info: Redefining \pageref on input line 6421.

(C:\Users\annwozniak\AppData\Local\Programs\MiKTeX\tex/latex/base\atbegshi-ltx.
sty
Package: atbegshi-ltx 2020/08/17 v1.0a Emulation of the original atbegshi packa
ge
with kernel methods
)
\Hy@abspage=\count283
\c@Item=\count284
\c@Hfootnote=\count285
)
Package hyperref Info: Driver (autodetected): hpdftex.

(C:\Users\annwozniak\AppData\Local\Programs\MiKTeX\tex/latex/hyperref\hpdftex.d
ef
File: hpdftex.def 2020-05-15 v7.00e Hyperref driver for pdfTeX
\Fld@listcount=\count286
\c@bookmark@seq@number=\count287
\Hy@SectionHShift=\skip59
)
Package hyperref Info: Option `colorlinks' set `true' on input line 62.

(C:\Users\annwozniak\AppData\Local\Programs\MiKTeX\tex/latex/setspace\setspace.
sty
Package: setspace 2011/12/19 v6.7a set line spacing
)
(C:\Users\annwozniak\AppData\Local\Programs\MiKTeX\tex/latex/titlesec\titlesec.
sty
Package: titlesec 2019/10/16 v2.13 Sectioning titles
\ttl@box=\box58
\beforetitleunit=\skip60
\aftertitleunit=\skip61
\ttl@plus=\dimen260
\ttl@minus=\dimen261
\ttl@toksa=\toks34
\titlewidth=\dimen262
\titlewidthlast=\dimen263
\titlewidthfirst=\dimen264
)
(C:\Users\annwozniak\AppData\Local\Programs\MiKTeX\tex/latex/titlesec\titletoc.
sty
Package: titletoc 2019/10/16 v2.13 TOC entries
\ttl@leftsep=\dimen265
)
(C:\Users\annwozniak\AppData\Local\Programs\MiKTeX\tex/latex/placeins\placeins.
sty
Package: placeins 2005/04/18  v 2.2
) (C:\Users\annwozniak\AppData\Local\Programs\MiKTeX\tex/latex/natbib\natbib.st
y
Package: natbib 2010/09/13 8.31b (PWD, AO)
\bibhang=\skip62
\bibsep=\skip63
LaTeX Info: Redefining \cite on input line 694.
\c@NAT@ctr=\count288
)
(C:\Users\annwozniak\AppData\Local\Programs\MiKTeX\tex/latex/fancyvrb\fancyvrb.
sty
Package: fancyvrb 2020/05/03 v3.6 verbatim text (tvz,hv)
\FV@CodeLineNo=\count289
\FV@InFile=\read3
\FV@TabBox=\box59
\c@FancyVerbLine=\count290
\FV@StepNumber=\count291
\FV@OutFile=\write4
) (C:\Users\annwozniak\AppData\Local\Programs\MiKTeX\tex/latex/base\alltt.sty
Package: alltt 1997/06/16 v2.0g defines alltt environment
)
(C:\Users\annwozniak\AppData\Local\Programs\MiKTeX\tex/latex/amsfonts\amsfonts.
sty
Package: amsfonts 2013/01/14 v3.01 Basic AMSFonts support
\@emptytoks=\toks35
\symAMSa=\mathgroup5
\symAMSb=\mathgroup6
LaTeX Font Info:    Redeclaring math symbol \hbar on input line 98.
LaTeX Font Info:    Overwriting math alphabet `\mathfrak' in version `bold'
(Font)                  U/euf/m/n --> U/euf/b/n on input line 106.
)
(C:\Users\annwozniak\AppData\Local\Programs\MiKTeX\tex/latex/caption\caption.st
y
Package: caption 2020/10/26 v3.5g Customizing captions (AR)

(C:\Users\annwozniak\AppData\Local\Programs\MiKTeX\tex/latex/caption\caption3.s
ty
Package: caption3 2020/10/21 v2.2e caption3 kernel (AR)
\captionmargin=\dimen266
\captionmargin@=\dimen267
\captionwidth=\dimen268
\caption@tempdima=\dimen269
\caption@indent=\dimen270
\caption@parindent=\dimen271
\caption@hangindent=\dimen272
Package caption Info: Standard document class detected.
)
\c@caption@flags=\count292
\c@continuedfloat=\count293
Package caption Info: hyperref package is loaded.
)
(C:\Users\annwozniak\AppData\Local\Programs\MiKTeX\tex/latex/environ\environ.st
y
Package: environ 2014/05/04 v0.3 A new way to define environments

(C:\Users\annwozniak\AppData\Local\Programs\MiKTeX\tex/latex/trimspaces\trimspa
ces.sty
Package: trimspaces 2009/09/17 v1.1 Trim spaces around a token list
)
\@envbody=\toks36
))
(C:\Users\annwozniak\AppData\Local\Programs\MiKTeX\tex/latex/amsmath\amsmath.st
y
Package: amsmath 2020/09/23 v2.17i AMS math features
\@mathmargin=\skip64
For additional information on amsmath, use the `?' option.

(C:\Users\annwozniak\AppData\Local\Programs\MiKTeX\tex/latex/amsmath\amstext.st
y
Package: amstext 2000/06/29 v2.01 AMS text

(C:\Users\annwozniak\AppData\Local\Programs\MiKTeX\tex/latex/amsmath\amsgen.sty
File: amsgen.sty 1999/11/30 v2.0 generic functions
\@emptytoks=\toks37
\ex@=\dimen273
))
(C:\Users\annwozniak\AppData\Local\Programs\MiKTeX\tex/latex/amsmath\amsbsy.sty
Package: amsbsy 1999/11/29 v1.2d Bold Symbols
\pmbraise@=\dimen274
)
(C:\Users\annwozniak\AppData\Local\Programs\MiKTeX\tex/latex/amsmath\amsopn.sty
Package: amsopn 2016/03/08 v2.02 operator names
LaTeX Info: Redefining \operatorname on input line 43.
)
\inf@bad=\count294
LaTeX Info: Redefining \frac on input line 234.
\uproot@=\count295
\leftroot@=\count296
LaTeX Info: Redefining \overline on input line 399.
\classnum@=\count297
\DOTSCASE@=\count298
LaTeX Info: Redefining \ldots on input line 496.
LaTeX Info: Redefining \dots on input line 499.
LaTeX Info: Redefining \cdots on input line 620.
\Mathstrutbox@=\box60
\strutbox@=\box61
\big@size=\dimen275
LaTeX Font Info:    Redeclaring font encoding OML on input line 743.
LaTeX Font Info:    Redeclaring font encoding OMS on input line 744.
\macc@depth=\count299
\c@MaxMatrixCols=\count300
\dotsspace@=\muskip17
\c@parentequation=\count301
\dspbrk@lvl=\count302
\tag@help=\toks38
\row@=\count303
\column@=\count304
\maxfields@=\count305
\andhelp@=\toks39
\eqnshift@=\dimen276
\alignsep@=\dimen277
\tagshift@=\dimen278
\tagwidth@=\dimen279
\totwidth@=\dimen280
\lineht@=\dimen281
\@envbody=\toks40
\multlinegap=\skip65
\multlinetaggap=\skip66
\mathdisplay@stack=\toks41
LaTeX Info: Redefining \[ on input line 2923.
LaTeX Info: Redefining \] on input line 2924.
)
(C:\Users\annwozniak\AppData\Local\Programs\MiKTeX\tex/latex/amsfonts\amssymb.s
ty
Package: amssymb 2013/01/14 v3.01 AMS font symbols
) (C:\Users\annwozniak\AppData\Local\Programs\MiKTeX\tex/latex/tools\array.sty
Package: array 2019/08/31 v2.4l Tabular extension package (FMi)
\col@sep=\dimen282
\ar@mcellbox=\box62
\extrarowheight=\dimen283
\NC@list=\toks42
\extratabsurround=\skip67
\backup@length=\skip68
\ar@cellbox=\box63
)
(C:\Users\annwozniak\AppData\Local\Programs\MiKTeX\tex/latex/booktabs\booktabs.
sty
Package: booktabs 2020/01/12 v1.61803398 Publication quality tables
\heavyrulewidth=\dimen284
\lightrulewidth=\dimen285
\cmidrulewidth=\dimen286
\belowrulesep=\dimen287
\belowbottomsep=\dimen288
\aboverulesep=\dimen289
\abovetopsep=\dimen290
\cmidrulesep=\dimen291
\cmidrulekern=\dimen292
\defaultaddspace=\dimen293
\@cmidla=\count306
\@cmidlb=\count307
\@aboverulesep=\dimen294
\@belowrulesep=\dimen295
\@thisruleclass=\count308
\@lastruleclass=\count309
\@thisrulewidth=\dimen296
)
(C:\Users\annwozniak\AppData\Local\Programs\MiKTeX\tex/latex/l3backend\l3backen
d-pdftex.def
File: l3backend-pdftex.def 2020-09-24 L3 backend support: PDF output (pdfTeX)
\l__kernel_color_stack_int=\count310
\l__pdf_internal_box=\box64
) (RJwrapper.aux)
\openout1 = `RJwrapper.aux'.

LaTeX Font Info:    Checking defaults for OML/cmm/m/it on input line 14.
LaTeX Font Info:    ... okay on input line 14.
LaTeX Font Info:    Checking defaults for OMS/cmsy/m/n on input line 14.
LaTeX Font Info:    ... okay on input line 14.
LaTeX Font Info:    Checking defaults for OT1/cmr/m/n on input line 14.
LaTeX Font Info:    ... okay on input line 14.
LaTeX Font Info:    Checking defaults for T1/cmr/m/n on input line 14.
LaTeX Font Info:    ... okay on input line 14.
LaTeX Font Info:    Checking defaults for TS1/cmr/m/n on input line 14.
LaTeX Font Info:    ... okay on input line 14.
LaTeX Font Info:    Checking defaults for OMX/cmex/m/n on input line 14.
LaTeX Font Info:    ... okay on input line 14.
LaTeX Font Info:    Checking defaults for U/cmr/m/n on input line 14.
LaTeX Font Info:    ... okay on input line 14.
LaTeX Font Info:    Checking defaults for PD1/pdf/m/n on input line 14.
LaTeX Font Info:    ... okay on input line 14.

(C:\Users\annwozniak\AppData\Local\Programs\MiKTeX\tex/context/base/mkii\supp-p
df.mkii
[Loading MPS to PDF converter (version 2006.09.02).]
\scratchcounter=\count311
\scratchdimen=\dimen297
\scratchbox=\box65
\nofMPsegments=\count312
\nofMParguments=\count313
\everyMPshowfont=\toks43
\MPscratchCnt=\count314
\MPscratchDim=\dimen298
\MPnumerator=\count315
\makeMPintoPDFobject=\count316
\everyMPtoPDFconversion=\toks44
)
(C:\Users\annwozniak\AppData\Local\Programs\MiKTeX\tex/latex/epstopdf-pkg\epsto
pdf-base.sty
Package: epstopdf-base 2020-01-24 v2.11 Base part for package epstopdf
Package epstopdf-base Info: Redefining graphics rule for `.eps' on input line 4
85.
)
*geometry* driver: auto-detecting
*geometry* detected driver: pdftex
*geometry* verbose mode - [ preamble ] result:
* driver: pdftex
* paper: a4paper
* layout: <same size as paper>
* layoutoffset:(h,v)=(0.0pt,0.0pt)
* hratio: 1:1
* vratio: 1:1
* modes: includehead includefoot 
* h-part:(L,W,R)=(99.58464pt, 398.33858pt, 99.58466pt)
* v-part:(T,H,B)=(28.45274pt, 788.14136pt, 28.45274pt)
* \paperwidth=597.50787pt
* \paperheight=845.04684pt
* \textwidth=398.33858pt
* \textheight=708.46223pt
* \oddsidemargin=27.31465pt
* \evensidemargin=27.31465pt
* \topmargin=-43.81725pt
* \headheight=12.0pt
* \headsep=25.0pt
* \topskip=10.0pt
* \footskip=42.67912pt
* \marginparwidth=57.0pt
* \marginparsep=11.0pt
* \columnsep=10.0pt
* \skip\footins=9.0pt plus 4.0pt minus 2.0pt
* \hoffset=0.0pt
* \voffset=0.0pt
* \mag=1000
* \@twocolumnfalse
* \@twosidefalse
* \@mparswitchfalse
* \@reversemarginfalse
* (1in=72.27pt=25.4mm, 1cm=28.453pt)

LaTeX Info: Redefining \microtypecontext on input line 14.
Package microtype Info: Generating PDF output.
Package microtype Info: Character protrusion enabled (level 2).
Package microtype Info: Using default protrusion set `alltext'.
Package microtype Info: Automatic font expansion enabled (level 2),
(microtype)             stretch: 20, shrink: 20, step: 1, non-selected.
Package microtype Info: Using default expansion set `basictext'.
LaTeX Info: Redefining \showhyphens on input line 14.
Package microtype Info: No adjustment of tracking.
Package microtype Info: No adjustment of interword spacing.
Package microtype Info: No adjustment of character kerning.

(C:\Users\annwozniak\AppData\Local\Programs\MiKTeX\tex/latex/microtype\mt-ppl.c
fg
File: mt-ppl.cfg 2005/11/16 v1.6 microtype config. file: Palatino (RS)
)
(C:\Users\annwozniak\AppData\Local\Programs\MiKTeX\tex/latex/upquote\upquote.st
y
Package: upquote 2012/04/19 v1.3 upright-quote and grave-accent glyphs in verba
tim
)
Package hyperref Info: Link coloring ON on input line 14.

(C:\Users\annwozniak\AppData\Local\Programs\MiKTeX\tex/latex/hyperref\nameref.s
ty
Package: nameref 2019/09/16 v2.46 Cross-referencing by name of section

(C:\Users\annwozniak\AppData\Local\Programs\MiKTeX\tex/latex/refcount\refcount.
sty
Package: refcount 2019/12/15 v3.6 Data extraction from label references (HO)
)
(C:\Users\annwozniak\AppData\Local\Programs\MiKTeX\tex/generic/gettitlestring\g
ettitlestring.sty
Package: gettitlestring 2019/12/15 v1.6 Cleanup title references (HO)
)
\c@section@level=\count317
)
LaTeX Info: Redefining \ref on input line 14.
LaTeX Info: Redefining \pageref on input line 14.
LaTeX Info: Redefining \nameref on input line 14.
(RJwrapper.out) (RJwrapper.out
! I can't write on file `RJwrapper.pdf'.
Please type another file name for output
! Emergency stop.
\Hy@OutlineName ...utline goto name{#2}count#3{#4}
                                                  
l.1 ...CILE TYPE - A COMMUNITY ECOLOGY APPROACH}{}
                                                  % 1 
Here is how much of TeX's memory you used:
 21893 strings out of 479799
 407897 string characters out of 2867347
 711443 words of memory out of 3000000
 38474 multiletter control sequences out of 15000+200000
 536944 words of font info for 33 fonts, out of 3000000 for 9000
 1141 hyphenation exceptions out of 8191
 122i,0n,128p,438b,151s stack positions out of 5000i,500n,10000p,200000b,50000s

!  ==> Fatal error occurred, no output PDF file produced!
